<?xml version="1.0" encoding="UTF-8"?>
<!-- Generated by org.testng.reporters.JUnitReportReporter -->
<testsuite hostname="DESKTOP-MBMFGHJ" failures="0" tests="6" name="MyTestCases" time="40.843" errors="0" timestamp="2024-08-01T15:44:29 EEST" skipped="1">
  <testcase classname="MyTestCases" name="signIn" time="5.025"/>
  <testcase classname="MyTestCases" name="addThreeFirstItemsOnWomenSection" time="1.702"/>
  <testcase classname="MyTestCases" name="TestaddToCart" time="16.740"/>
  <testcase classname="MyTestCases" name="theTotalItemsInTheCart" time="2.332"/>
  <testcase classname="MyTestCases" name="totalPriceRandomly" time="15.044"/>
  <testcase classname="MyTestCases" name="signUp">
    <skipped/>
  </testcase> <!-- signUp -->
</testsuite> <!-- MyTestCases -->
