<?xml version="1.0" encoding="UTF-8"?>
<!-- Generated by org.testng.reporters.JUnitReportReporter -->
<testsuite hostname="DESKTOP-MBMFGHJ" failures="0" tests="4" name="MyTestCases" time="19.369" errors="0" timestamp="2024-07-30T19:25:26 EEST" skipped="1">
  <testcase classname="MyTestCases" name="signIn" time="5.450"/>
  <testcase classname="MyTestCases" name="addThreeFirstItemsOnWomenSection" time="1.967"/>
  <testcase classname="MyTestCases" name="TestaddToCart" time="11.952"/>
  <testcase classname="MyTestCases" name="signUp">
    <skipped/>
  </testcase> <!-- signUp -->
</testsuite> <!-- MyTestCases -->
