<?xml version="1.0" encoding="UTF-8"?>
<!-- Generated by org.testng.reporters.JUnitReportReporter -->
<testsuite hostname="DESKTOP-MBMFGHJ" failures="0" tests="6" name="MyTestCases" time="87.623" errors="0" timestamp="2024-08-11T17:32:28 EEST" skipped="1">
  <testcase classname="MyTestCases" name="signIn" time="9.201"/>
  <testcase classname="MyTestCases" name="addThreeFirstItemsOnWomenSection" time="9.861"/>
  <testcase classname="MyTestCases" name="addToCart" time="45.271"/>
  <testcase classname="MyTestCases" name="theTotalItemsInTheCart" time="4.367"/>
  <testcase classname="MyTestCases" name="totalPriceRandomly" time="18.923"/>
  <testcase classname="MyTestCases" name="signUp">
    <skipped/>
  </testcase> <!-- signUp -->
</testsuite> <!-- MyTestCases -->
